<?xml version="1.0" encoding="UTF-8"?>
<testsuite name="Reports.Reports" tests="1" skipped="0" failures="0" errors="0" timestamp="2022-10-27T13:53:44" hostname="WSAMZN-67RC3JA1" time="7.699">
  <properties/>
  <testcase name="navigateToReports" classname="Reports.Reports" time="7.699"/>
  <system-out><![CDATA[]]></system-out>
  <system-err><![CDATA[]]></system-err>
</testsuite>
