<?xml version="1.0" encoding="UTF-8"?>
<!-- Generated by org.testng.reporters.JUnitReportReporter -->
<testsuite hostname="WSAMZN-67RC3JA1" failures="0" tests="1" name="Reports.Reports" time="13.389" errors="0" timestamp="2022-10-27T19:21:49 IST" skipped="0">
  <testcase classname="Reports.Reports" name="navigateToReports" time="13.389"/>
  <system-out/>
</testsuite> <!-- Reports.Reports -->
